c:\users\yjh\onedrive\beat-c\debug\vc142.pdb
c:\users\yjh\onedrive\beat-c\debug\vc142.idb
c:\users\yjh\onedrive\beat-c\debug\fun.obj
c:\users\yjh\onedrive\beat-c\debug\main.obj
c:\users\yjh\onedrive\beat-c\debug\main.new.obj.enc
c:\users\yjh\onedrive\beat-c\debug\beat-c.pdb
c:\users\yjh\onedrive\beat-c\debug\beat-c.tlog\cl.command.1.tlog
c:\users\yjh\onedrive\beat-c\debug\beat-c.tlog\cl.read.1.tlog
c:\users\yjh\onedrive\beat-c\debug\beat-c.tlog\cl.write.1.tlog
c:\users\yjh\onedrive\beat-c\debug\beat-c.tlog\link-cvtres.read.1.tlog
c:\users\yjh\onedrive\beat-c\debug\beat-c.tlog\link-cvtres.write.1.tlog
c:\users\yjh\onedrive\beat-c\debug\beat-c.tlog\link-rc.read.1.tlog
c:\users\yjh\onedrive\beat-c\debug\beat-c.tlog\link-rc.write.1.tlog
c:\users\yjh\onedrive\beat-c\debug\beat-c.tlog\link.15588-cvtres.read.1.tlog
c:\users\yjh\onedrive\beat-c\debug\beat-c.tlog\link.15588-cvtres.write.1.tlog
c:\users\yjh\onedrive\beat-c\debug\beat-c.tlog\link.15588-rc.read.1.tlog
c:\users\yjh\onedrive\beat-c\debug\beat-c.tlog\link.15588-rc.write.1.tlog
c:\users\yjh\onedrive\beat-c\debug\beat-c.tlog\link.15588.read.1.tlog
c:\users\yjh\onedrive\beat-c\debug\beat-c.tlog\link.15588.write.1.tlog
c:\users\yjh\onedrive\beat-c\debug\beat-c.tlog\link.command.1.tlog
c:\users\yjh\onedrive\beat-c\debug\beat-c.tlog\link.read.1.tlog
c:\users\yjh\onedrive\beat-c\debug\beat-c.tlog\link.write.1.tlog
